Class.newInstance;EditBuddyPlugin;org.gjt.sp.jedit.JARClassLoader.loadPluginClass;236;;
Class.newInstance;FirewallPlugin;org.gjt.sp.jedit.JARClassLoader.loadPluginClass;236;;
Class.newInstance;LatestVersionPlugin;org.gjt.sp.jedit.JARClassLoader.loadPluginClass;236;;
Class.newInstance;PluginManagerPlugin;org.gjt.sp.jedit.JARClassLoader.loadPluginClass;236;;
Class.newInstance;com.sun.swing.internal.plaf.basic.resources.basic;java.util.ResourceBundle$Control.newBundle;2295;;
Class.newInstance;com.sun.swing.internal.plaf.metal.resources.metal;java.util.ResourceBundle$Control.newBundle;2295;;
Class.newInstance;java.awt.EventQueue;sun.awt.SunToolkit$1.run;86;;
Class.newInstance;java.net.Inet6AddressImpl;java.net.InetAddress.loadImpl;1447;;
Class.newInstance;javax.swing.JEditorPane$PlainEditorKit;javax.swing.JEditorPane.createEditorKitForContentType;1281;;
Class.newInstance;javax.swing.LayoutFocusTraversalPolicy;sun.awt.SunToolkit.createLayoutPolicy;481;;
Class.newInstance;javax.swing.text.GlyphPainter1;javax.swing.text.GlyphView.checkPainter;245;;
Class.newInstance;javax.swing.text.html.HTMLEditorKit;javax.swing.JEditorPane.createEditorKitForContentType;1281;;
Class.newInstance;javax.swing.text.html.parser.ParserDelegator;javax.swing.text.html.HTMLEditorKit.getParser;568;;
Class.newInstance;org.gjt.sp.jedit.proto.jeditresource.Handler;java.net.URL.getURLStreamHandler;1171;;
Class.newInstance;sun.awt.X11.XToolkit;java.awt.Toolkit$2.run;859;;
Class.newInstance;sun.awt.X11GraphicsEnvironment;java.awt.GraphicsEnvironment.getLocalGraphicsEnvironment;68;;
Class.newInstance;sun.awt.resources.awt;java.util.ResourceBundle$Control.newBundle;2295;;
Class.newInstance;sun.awt.shell.ShellFolderManager;sun.awt.shell.ShellFolder.<clinit>;196;;
Class.newInstance;sun.net.spi.DefaultProxySelector;java.net.ProxySelector.<clinit>;53;;
Class.newInstance;sun.net.www.protocol.http.Handler;java.net.URL.getURLStreamHandler;1171;;
Class.newInstance;sun.nio.cs.ISO_8859_1;sun.nio.cs.FastCharsetProvider.lookup;105;;
Class.newInstance;sun.nio.cs.UTF_16;sun.nio.cs.FastCharsetProvider.lookup;105;;
Class.newInstance;sun.nio.cs.UTF_16BE;sun.nio.cs.FastCharsetProvider.lookup;105;;
Class.newInstance;sun.nio.cs.UTF_16LE;sun.nio.cs.FastCharsetProvider.lookup;105;;
Class.newInstance;sun.reflect.GeneratedConstructorAccessor$HASHED$8c2cc8967254deb9a3e89a71589b8e04cbf9fea9;sun.reflect.MethodAccessorGenerator$1.run;381;;
Class.newInstance;sun.reflect.GeneratedConstructorAccessor$HASHED$9a0f0fa4595f1c9b19787d3383db8e414d1d9328;sun.reflect.MethodAccessorGenerator$1.run;381;;
Class.newInstance;sun.reflect.GeneratedMethodAccessor$HASHED$001242606fa87cb2d3feb39ad86ae851085e0681;sun.reflect.MethodAccessorGenerator$1.run;381;;
Class.newInstance;sun.reflect.GeneratedMethodAccessor$HASHED$057ffae359fd9cbe587960311df1a5df35855719;sun.reflect.MethodAccessorGenerator$1.run;381;;
Class.newInstance;sun.reflect.GeneratedMethodAccessor$HASHED$0e5c069f584a5d342704112aeb42e9495e54227c;sun.reflect.MethodAccessorGenerator$1.run;381;;
Class.newInstance;sun.reflect.GeneratedMethodAccessor$HASHED$1d2375411a0d7c71dd92713d869793b84ba3f6bc;sun.reflect.MethodAccessorGenerator$1.run;381;;
Class.newInstance;sun.reflect.GeneratedMethodAccessor$HASHED$3790c1d77ea6b3c8b9c73240f2b0b9b241de1185;sun.reflect.MethodAccessorGenerator$1.run;381;;
Class.newInstance;sun.reflect.GeneratedMethodAccessor$HASHED$4a9a1149d18f8e77549bc490eda252fde0ba56c2;sun.reflect.MethodAccessorGenerator$1.run;381;;
Class.newInstance;sun.reflect.GeneratedMethodAccessor$HASHED$4d11322cec66265ad9486c316d5a5d37c5138ae4;sun.reflect.MethodAccessorGenerator$1.run;381;;
Class.newInstance;sun.reflect.GeneratedMethodAccessor$HASHED$7783923ee4d2578adc41ec04f5f4d8f51e5bae28;sun.reflect.MethodAccessorGenerator$1.run;381;;
Class.newInstance;sun.reflect.GeneratedMethodAccessor$HASHED$784736cb8bdb287031caff05f2d51c569e67ea26;sun.reflect.MethodAccessorGenerator$1.run;381;;
Class.newInstance;sun.reflect.GeneratedMethodAccessor$HASHED$85f447c964f2ac6f5b8027e2030b895712caa775;sun.reflect.MethodAccessorGenerator$1.run;381;;
Class.newInstance;sun.reflect.GeneratedMethodAccessor$HASHED$9f64a48bafc947ea86f299db5b005cc05ec98838;sun.reflect.MethodAccessorGenerator$1.run;381;;
Class.newInstance;sun.reflect.GeneratedMethodAccessor$HASHED$aa8b8904a5d3280823dd084c9e3e7b34ce88a36b;sun.reflect.MethodAccessorGenerator$1.run;381;;
Class.newInstance;sun.reflect.GeneratedMethodAccessor$HASHED$afef2e5fcce6857a43395fd91eefee463f04a01c;sun.reflect.MethodAccessorGenerator$1.run;381;;
Class.newInstance;sun.reflect.GeneratedMethodAccessor$HASHED$bfcd8fbe514ffadfbdc4fd4bdebd3e50394c1272;sun.reflect.MethodAccessorGenerator$1.run;381;;
Class.newInstance;sun.reflect.GeneratedMethodAccessor$HASHED$d48b2d92cc5f4ef021c081775fb3e8f4c6333594;sun.reflect.MethodAccessorGenerator$1.run;381;;
Class.newInstance;sun.reflect.GeneratedMethodAccessor$HASHED$d646c6a953fb501b786b5874a145ffccd40fa370;sun.reflect.MethodAccessorGenerator$1.run;381;;
Class.newInstance;sun.reflect.GeneratedMethodAccessor$HASHED$d674ecb3d3da9d90bba191c848d482443a7abc2a;sun.reflect.MethodAccessorGenerator$1.run;381;;
Class.newInstance;sun.reflect.GeneratedMethodAccessor$HASHED$e18efe66dc7d72c09f90715c9d18eb5888b2f7d8;sun.reflect.MethodAccessorGenerator$1.run;381;;
Class.newInstance;sun.reflect.GeneratedMethodAccessor$HASHED$f562cdcd9230df108247175848f053fa1afe9683;sun.reflect.MethodAccessorGenerator$1.run;381;;
Class.newInstance;sun.text.resources.FormatData;java.util.ResourceBundle$Control.newBundle;2295;;
Class.newInstance;sun.text.resources.FormatData_en;java.util.ResourceBundle$Control.newBundle;2295;;
Class.newInstance;sun.text.resources.FormatData_en_US;java.util.ResourceBundle$Control.newBundle;2295;;
Class.newInstance;sun.util.resources.CalendarData;java.util.ResourceBundle$Control.newBundle;2295;;
Class.newInstance;sun.util.resources.CalendarData_en;java.util.ResourceBundle$Control.newBundle;2295;;
Class.newInstance;sun.util.resources.CurrencyNames;java.util.ResourceBundle$Control.newBundle;2295;;
Class.newInstance;sun.util.resources.CurrencyNames_en_US;java.util.ResourceBundle$Control.newBundle;2295;;
Class.newInstance;sun.util.resources.TimeZoneNames;java.util.ResourceBundle$Control.newBundle;2295;;
Class.newInstance;sun.util.resources.TimeZoneNames_en;java.util.ResourceBundle$Control.newBundle;2295;;
Constructor.newInstance;<EditBuddyPlugin: void <init>()>;java.lang.Class.newInstance0;;isAccessible=true;
Constructor.newInstance;<FirewallPlugin: void <init>()>;java.lang.Class.newInstance0;;isAccessible=true;
Constructor.newInstance;<LatestVersionPlugin: void <init>()>;java.lang.Class.newInstance0;;isAccessible=true;
Constructor.newInstance;<PluginManager: void <init>(org.gjt.sp.jedit.View)>;bsh.Reflect.constructObject;409;isAccessible=false;
Constructor.newInstance;<PluginManagerPlugin: void <init>()>;java.lang.Class.newInstance0;;isAccessible=true;
Constructor.newInstance;<bsh.XThis: void <init>(bsh.NameSpace,bsh.Interpreter)>;bsh.Reflect.constructObject;409;isAccessible=false;
Constructor.newInstance;<com.sun.swing.internal.plaf.basic.resources.basic: void <init>()>;java.lang.Class.newInstance0;;isAccessible=true;
Constructor.newInstance;<com.sun.swing.internal.plaf.metal.resources.metal: void <init>()>;java.lang.Class.newInstance0;;isAccessible=true;
Constructor.newInstance;<java.awt.AWTKeyStroke: void <init>()>;java.awt.AWTKeyStroke.getCachedStroke;248;isAccessible=true;
Constructor.newInstance;<java.awt.EventQueue: void <init>()>;java.lang.Class.newInstance0;;isAccessible=true;
Constructor.newInstance;<java.awt.SequencedEvent: void <init>(java.awt.AWTEvent)>;sun.awt.X11.XComponentPeer.wrapInSequenced;283;isAccessible=true;
Constructor.newInstance;<java.net.Inet6AddressImpl: void <init>()>;java.lang.Class.newInstance0;;isAccessible=true;
Constructor.newInstance;<javax.swing.JEditorPane$PlainEditorKit: void <init>()>;java.lang.Class.newInstance0;;isAccessible=true;
Constructor.newInstance;<javax.swing.KeyStroke: void <init>()>;java.awt.AWTKeyStroke.getCachedStroke;248;isAccessible=true;
Constructor.newInstance;<javax.swing.KeyStroke: void <init>()>;java.awt.AWTKeyStroke.registerSubclass;187;isAccessible=true;
Constructor.newInstance;<javax.swing.LayoutFocusTraversalPolicy: void <init>()>;java.lang.Class.newInstance0;;isAccessible=true;
Constructor.newInstance;<javax.swing.plaf.BorderUIResource$EmptyBorderUIResource: void <init>(int,int,int,int)>;sun.swing.SwingLazyValue.createValue;61;isAccessible=true;
Constructor.newInstance;<javax.swing.plaf.BorderUIResource$LineBorderUIResource: void <init>(java.awt.Color)>;sun.swing.SwingLazyValue.createValue;61;isAccessible=true;
Constructor.newInstance;<javax.swing.plaf.BorderUIResource$LineBorderUIResource: void <init>(java.awt.Color,int)>;sun.swing.SwingLazyValue.createValue;61;isAccessible=true;
Constructor.newInstance;<javax.swing.plaf.FontUIResource: void <init>(java.lang.String,int,int)>;sun.swing.SwingLazyValue.createValue;61;isAccessible=true;
Constructor.newInstance;<javax.swing.plaf.basic.BasicBorders$MarginBorder: void <init>()>;sun.swing.SwingLazyValue.createValue;61;isAccessible=true;
Constructor.newInstance;<javax.swing.plaf.metal.MetalBorders$MenuBarBorder: void <init>()>;sun.swing.SwingLazyValue.createValue;61;isAccessible=true;
Constructor.newInstance;<javax.swing.plaf.metal.MetalBorders$MenuItemBorder: void <init>()>;sun.swing.SwingLazyValue.createValue;61;isAccessible=true;
Constructor.newInstance;<javax.swing.plaf.metal.MetalBorders$PopupMenuBorder: void <init>()>;sun.swing.SwingLazyValue.createValue;61;isAccessible=true;
Constructor.newInstance;<javax.swing.plaf.metal.MetalBorders$ScrollPaneBorder: void <init>()>;sun.swing.SwingLazyValue.createValue;61;isAccessible=true;
Constructor.newInstance;<javax.swing.plaf.metal.MetalBorders$ToolBarBorder: void <init>()>;sun.swing.SwingLazyValue.createValue;61;isAccessible=true;
Constructor.newInstance;<javax.swing.text.GlyphPainter1: void <init>()>;java.lang.Class.newInstance0;;isAccessible=true;
Constructor.newInstance;<javax.swing.text.html.HTMLEditorKit: void <init>()>;java.lang.Class.newInstance0;;isAccessible=true;
Constructor.newInstance;<javax.swing.text.html.parser.ParserDelegator: void <init>()>;java.lang.Class.newInstance0;;isAccessible=true;
Constructor.newInstance;<org.gjt.sp.jedit.proto.jeditresource.Handler: void <init>()>;java.lang.Class.newInstance0;;isAccessible=true;
Constructor.newInstance;<org.gjt.sp.jedit.search.CurrentBufferSet: void <init>()>;bsh.Reflect.constructObject;409;isAccessible=false;
Constructor.newInstance;<sun.awt.X11.XToolkit: void <init>()>;java.lang.Class.newInstance0;;isAccessible=true;
Constructor.newInstance;<sun.awt.X11GraphicsEnvironment: void <init>()>;java.lang.Class.newInstance0;;isAccessible=true;
Constructor.newInstance;<sun.awt.resources.awt: void <init>()>;java.lang.Class.newInstance0;;isAccessible=true;
Constructor.newInstance;<sun.awt.shell.ShellFolderManager: void <init>()>;java.lang.Class.newInstance0;;isAccessible=true;
Constructor.newInstance;<sun.net.spi.DefaultProxySelector: void <init>()>;java.lang.Class.newInstance0;;isAccessible=true;
Constructor.newInstance;<sun.net.www.protocol.http.Handler: void <init>()>;java.lang.Class.newInstance0;;isAccessible=true;
Constructor.newInstance;<sun.nio.cs.ISO_8859_1: void <init>()>;java.lang.Class.newInstance0;;isAccessible=true;
Constructor.newInstance;<sun.nio.cs.UTF_16: void <init>()>;java.lang.Class.newInstance0;;isAccessible=true;
Constructor.newInstance;<sun.nio.cs.UTF_16BE: void <init>()>;java.lang.Class.newInstance0;;isAccessible=true;
Constructor.newInstance;<sun.nio.cs.UTF_16LE: void <init>()>;java.lang.Class.newInstance0;;isAccessible=true;
Constructor.newInstance;<sun.reflect.GeneratedConstructorAccessor$HASHED$8c2cc8967254deb9a3e89a71589b8e04cbf9fea9: void <init>()>;java.lang.Class.newInstance0;;isAccessible=true;
Constructor.newInstance;<sun.reflect.GeneratedConstructorAccessor$HASHED$9a0f0fa4595f1c9b19787d3383db8e414d1d9328: void <init>()>;java.lang.Class.newInstance0;;isAccessible=true;
Constructor.newInstance;<sun.reflect.GeneratedMethodAccessor$HASHED$001242606fa87cb2d3feb39ad86ae851085e0681: void <init>()>;java.lang.Class.newInstance0;;isAccessible=true;
Constructor.newInstance;<sun.reflect.GeneratedMethodAccessor$HASHED$057ffae359fd9cbe587960311df1a5df35855719: void <init>()>;java.lang.Class.newInstance0;;isAccessible=true;
Constructor.newInstance;<sun.reflect.GeneratedMethodAccessor$HASHED$0e5c069f584a5d342704112aeb42e9495e54227c: void <init>()>;java.lang.Class.newInstance0;;isAccessible=true;
Constructor.newInstance;<sun.reflect.GeneratedMethodAccessor$HASHED$1d2375411a0d7c71dd92713d869793b84ba3f6bc: void <init>()>;java.lang.Class.newInstance0;;isAccessible=true;
Constructor.newInstance;<sun.reflect.GeneratedMethodAccessor$HASHED$3790c1d77ea6b3c8b9c73240f2b0b9b241de1185: void <init>()>;java.lang.Class.newInstance0;;isAccessible=true;
Constructor.newInstance;<sun.reflect.GeneratedMethodAccessor$HASHED$4a9a1149d18f8e77549bc490eda252fde0ba56c2: void <init>()>;java.lang.Class.newInstance0;;isAccessible=true;
Constructor.newInstance;<sun.reflect.GeneratedMethodAccessor$HASHED$4d11322cec66265ad9486c316d5a5d37c5138ae4: void <init>()>;java.lang.Class.newInstance0;;isAccessible=true;
Constructor.newInstance;<sun.reflect.GeneratedMethodAccessor$HASHED$7783923ee4d2578adc41ec04f5f4d8f51e5bae28: void <init>()>;java.lang.Class.newInstance0;;isAccessible=true;
Constructor.newInstance;<sun.reflect.GeneratedMethodAccessor$HASHED$784736cb8bdb287031caff05f2d51c569e67ea26: void <init>()>;java.lang.Class.newInstance0;;isAccessible=true;
Constructor.newInstance;<sun.reflect.GeneratedMethodAccessor$HASHED$85f447c964f2ac6f5b8027e2030b895712caa775: void <init>()>;java.lang.Class.newInstance0;;isAccessible=true;
Constructor.newInstance;<sun.reflect.GeneratedMethodAccessor$HASHED$9f64a48bafc947ea86f299db5b005cc05ec98838: void <init>()>;java.lang.Class.newInstance0;;isAccessible=true;
Constructor.newInstance;<sun.reflect.GeneratedMethodAccessor$HASHED$aa8b8904a5d3280823dd084c9e3e7b34ce88a36b: void <init>()>;java.lang.Class.newInstance0;;isAccessible=true;
Constructor.newInstance;<sun.reflect.GeneratedMethodAccessor$HASHED$afef2e5fcce6857a43395fd91eefee463f04a01c: void <init>()>;java.lang.Class.newInstance0;;isAccessible=true;
Constructor.newInstance;<sun.reflect.GeneratedMethodAccessor$HASHED$bfcd8fbe514ffadfbdc4fd4bdebd3e50394c1272: void <init>()>;java.lang.Class.newInstance0;;isAccessible=true;
Constructor.newInstance;<sun.reflect.GeneratedMethodAccessor$HASHED$d48b2d92cc5f4ef021c081775fb3e8f4c6333594: void <init>()>;java.lang.Class.newInstance0;;isAccessible=true;
Constructor.newInstance;<sun.reflect.GeneratedMethodAccessor$HASHED$d646c6a953fb501b786b5874a145ffccd40fa370: void <init>()>;java.lang.Class.newInstance0;;isAccessible=true;
Constructor.newInstance;<sun.reflect.GeneratedMethodAccessor$HASHED$d674ecb3d3da9d90bba191c848d482443a7abc2a: void <init>()>;java.lang.Class.newInstance0;;isAccessible=true;
Constructor.newInstance;<sun.reflect.GeneratedMethodAccessor$HASHED$e18efe66dc7d72c09f90715c9d18eb5888b2f7d8: void <init>()>;java.lang.Class.newInstance0;;isAccessible=true;
Constructor.newInstance;<sun.reflect.GeneratedMethodAccessor$HASHED$f562cdcd9230df108247175848f053fa1afe9683: void <init>()>;java.lang.Class.newInstance0;;isAccessible=true;
Constructor.newInstance;<sun.text.resources.FormatData: void <init>()>;java.lang.Class.newInstance0;;isAccessible=true;
Constructor.newInstance;<sun.text.resources.FormatData_en: void <init>()>;java.lang.Class.newInstance0;;isAccessible=true;
Constructor.newInstance;<sun.text.resources.FormatData_en_US: void <init>()>;java.lang.Class.newInstance0;;isAccessible=true;
Constructor.newInstance;<sun.util.resources.CalendarData: void <init>()>;java.lang.Class.newInstance0;;isAccessible=true;
Constructor.newInstance;<sun.util.resources.CalendarData_en: void <init>()>;java.lang.Class.newInstance0;;isAccessible=true;
Constructor.newInstance;<sun.util.resources.CurrencyNames: void <init>()>;java.lang.Class.newInstance0;;isAccessible=true;
Constructor.newInstance;<sun.util.resources.CurrencyNames_en_US: void <init>()>;java.lang.Class.newInstance0;;isAccessible=true;
Constructor.newInstance;<sun.util.resources.TimeZoneNames: void <init>()>;java.lang.Class.newInstance0;;isAccessible=true;
Constructor.newInstance;<sun.util.resources.TimeZoneNames_en: void <init>()>;java.lang.Class.newInstance0;;isAccessible=true;
Method.invoke;<EditBuddyPlugin: void welcome(org.gjt.sp.jedit.View)>;bsh.Reflect.invokeMethod;184;isAccessible=false;
Method.invoke;<LatestVersionPlugin: void doVersionCheck(org.gjt.sp.jedit.View)>;bsh.Reflect.invokeMethod;184;isAccessible=false;
Method.invoke;<java.awt.Component: java.awt.Container getParent_NoClientCode()>;sun.awt.X11.ComponentAccessor.getParent_NoClientCode;238;isAccessible=true;
Method.invoke;<java.awt.KeyboardFocusManager: boolean processSynchronousLightweightTransfer(java.awt.Component,java.awt.Component,boolean,boolean,long)>;sun.awt.X11.XComponentPeer.processSynchronousLightweightTransfer;363;isAccessible=true;
Method.invoke;<java.io.PrintStream: void println(java.lang.String)>;bsh.Reflect.invokeMethod;184;isAccessible=false;
Method.invoke;<java.lang.Integer: java.lang.Integer valueOf(java.lang.String)>;javax.swing.plaf.basic.BasicComboBoxEditor.getItem;81;isAccessible=false;
Method.invoke;<java.util.logging.Logger: java.util.logging.Logger getLogger(java.lang.String)>;sun.net.www.http.HttpCapture.<clinit>;64;isAccessible=false;
Method.invoke;<javax.swing.plaf.basic.BasicBorders: javax.swing.border.Border getRadioButtonBorder()>;sun.swing.SwingLazyValue.createValue;56;isAccessible=true;
Method.invoke;<javax.swing.plaf.basic.BasicBorders: javax.swing.border.Border getSplitPaneBorder()>;sun.swing.SwingLazyValue.createValue;56;isAccessible=true;
Method.invoke;<javax.swing.plaf.basic.BasicBorders: javax.swing.border.Border getSplitPaneDividerBorder()>;sun.swing.SwingLazyValue.createValue;56;isAccessible=true;
Method.invoke;<javax.swing.plaf.basic.BasicCheckBoxMenuItemUI: javax.swing.plaf.ComponentUI createUI(javax.swing.JComponent)>;sun.reflect.misc.Trampoline.invoke;57;isAccessible=false;
Method.invoke;<javax.swing.plaf.basic.BasicEditorPaneUI: javax.swing.plaf.ComponentUI createUI(javax.swing.JComponent)>;sun.reflect.misc.Trampoline.invoke;57;isAccessible=false;
Method.invoke;<javax.swing.plaf.basic.BasicListUI: javax.swing.plaf.ComponentUI createUI(javax.swing.JComponent)>;sun.reflect.misc.Trampoline.invoke;57;isAccessible=false;
Method.invoke;<javax.swing.plaf.basic.BasicMenuItemUI: javax.swing.plaf.ComponentUI createUI(javax.swing.JComponent)>;sun.reflect.misc.Trampoline.invoke;57;isAccessible=false;
Method.invoke;<javax.swing.plaf.basic.BasicMenuItemUI: void loadActionMap(javax.swing.plaf.basic.LazyActionMap)>;javax.swing.plaf.basic.LazyActionMap.loadIfNecessary;132;isAccessible=false;
Method.invoke;<javax.swing.plaf.basic.BasicMenuUI: javax.swing.plaf.ComponentUI createUI(javax.swing.JComponent)>;sun.reflect.misc.Trampoline.invoke;57;isAccessible=false;
Method.invoke;<javax.swing.plaf.basic.BasicOptionPaneUI: javax.swing.plaf.ComponentUI createUI(javax.swing.JComponent)>;sun.reflect.misc.Trampoline.invoke;57;isAccessible=false;
Method.invoke;<javax.swing.plaf.basic.BasicOptionPaneUI: void loadActionMap(javax.swing.plaf.basic.LazyActionMap)>;javax.swing.plaf.basic.LazyActionMap.loadIfNecessary;132;isAccessible=false;
Method.invoke;<javax.swing.plaf.basic.BasicPanelUI: javax.swing.plaf.ComponentUI createUI(javax.swing.JComponent)>;sun.reflect.misc.Trampoline.invoke;57;isAccessible=false;
Method.invoke;<javax.swing.plaf.basic.BasicPopupMenuUI: javax.swing.plaf.ComponentUI createUI(javax.swing.JComponent)>;sun.reflect.misc.Trampoline.invoke;57;isAccessible=false;
Method.invoke;<javax.swing.plaf.basic.BasicPopupMenuUI: void loadActionMap(javax.swing.plaf.basic.LazyActionMap)>;javax.swing.plaf.basic.LazyActionMap.loadIfNecessary;132;isAccessible=false;
Method.invoke;<javax.swing.plaf.basic.BasicTextAreaUI: javax.swing.plaf.ComponentUI createUI(javax.swing.JComponent)>;sun.reflect.misc.Trampoline.invoke;57;isAccessible=false;
Method.invoke;<javax.swing.plaf.basic.BasicToolBarSeparatorUI: javax.swing.plaf.ComponentUI createUI(javax.swing.JComponent)>;sun.reflect.misc.Trampoline.invoke;57;isAccessible=false;
Method.invoke;<javax.swing.plaf.basic.BasicViewportUI: javax.swing.plaf.ComponentUI createUI(javax.swing.JComponent)>;sun.reflect.misc.Trampoline.invoke;57;isAccessible=false;
Method.invoke;<javax.swing.plaf.metal.MetalBorders: javax.swing.border.Border getButtonBorder()>;sun.swing.SwingLazyValue.createValue;56;isAccessible=true;
Method.invoke;<javax.swing.plaf.metal.MetalBorders: javax.swing.border.Border getTextFieldBorder()>;sun.swing.SwingLazyValue.createValue;56;isAccessible=true;
Method.invoke;<javax.swing.plaf.metal.MetalBorders: javax.swing.border.Border getToolBarNonrolloverBorder()>;javax.swing.plaf.metal.MetalLookAndFeel$MetalLazyValue.createValue;2226;isAccessible=true;
Method.invoke;<javax.swing.plaf.metal.MetalBorders: javax.swing.border.Border getToolBarRolloverBorder()>;javax.swing.plaf.metal.MetalLookAndFeel$MetalLazyValue.createValue;2226;isAccessible=true;
Method.invoke;<javax.swing.plaf.metal.MetalButtonUI: javax.swing.plaf.ComponentUI createUI(javax.swing.JComponent)>;sun.reflect.misc.Trampoline.invoke;57;isAccessible=false;
Method.invoke;<javax.swing.plaf.metal.MetalCheckBoxUI: javax.swing.plaf.ComponentUI createUI(javax.swing.JComponent)>;sun.reflect.misc.Trampoline.invoke;57;isAccessible=false;
Method.invoke;<javax.swing.plaf.metal.MetalComboBoxUI: javax.swing.plaf.ComponentUI createUI(javax.swing.JComponent)>;sun.reflect.misc.Trampoline.invoke;57;isAccessible=false;
Method.invoke;<javax.swing.plaf.metal.MetalIconFactory: javax.swing.Icon getCheckBoxIcon()>;sun.swing.SwingLazyValue.createValue;56;isAccessible=true;
Method.invoke;<javax.swing.plaf.metal.MetalIconFactory: javax.swing.Icon getCheckBoxMenuItemIcon()>;sun.swing.SwingLazyValue.createValue;56;isAccessible=true;
Method.invoke;<javax.swing.plaf.metal.MetalIconFactory: javax.swing.Icon getMenuArrowIcon()>;sun.swing.SwingLazyValue.createValue;56;isAccessible=true;
Method.invoke;<javax.swing.plaf.metal.MetalIconFactory: javax.swing.Icon getMenuItemArrowIcon()>;sun.swing.SwingLazyValue.createValue;56;isAccessible=true;
Method.invoke;<javax.swing.plaf.metal.MetalIconFactory: javax.swing.Icon getMenuItemCheckIcon()>;sun.swing.SwingLazyValue.createValue;56;isAccessible=true;
Method.invoke;<javax.swing.plaf.metal.MetalIconFactory: javax.swing.Icon getRadioButtonIcon()>;sun.swing.SwingLazyValue.createValue;56;isAccessible=true;
Method.invoke;<javax.swing.plaf.metal.MetalLabelUI: javax.swing.plaf.ComponentUI createUI(javax.swing.JComponent)>;sun.reflect.misc.Trampoline.invoke;57;isAccessible=false;
Method.invoke;<javax.swing.plaf.metal.MetalMenuBarUI: javax.swing.plaf.ComponentUI createUI(javax.swing.JComponent)>;sun.reflect.misc.Trampoline.invoke;57;isAccessible=false;
Method.invoke;<javax.swing.plaf.metal.MetalPopupMenuSeparatorUI: javax.swing.plaf.ComponentUI createUI(javax.swing.JComponent)>;sun.reflect.misc.Trampoline.invoke;57;isAccessible=false;
Method.invoke;<javax.swing.plaf.metal.MetalProgressBarUI: javax.swing.plaf.ComponentUI createUI(javax.swing.JComponent)>;sun.reflect.misc.Trampoline.invoke;57;isAccessible=false;
Method.invoke;<javax.swing.plaf.metal.MetalRadioButtonUI: javax.swing.plaf.ComponentUI createUI(javax.swing.JComponent)>;sun.reflect.misc.Trampoline.invoke;57;isAccessible=false;
Method.invoke;<javax.swing.plaf.metal.MetalRootPaneUI: javax.swing.plaf.ComponentUI createUI(javax.swing.JComponent)>;sun.reflect.misc.Trampoline.invoke;57;isAccessible=false;
Method.invoke;<javax.swing.plaf.metal.MetalScrollBarUI: javax.swing.plaf.ComponentUI createUI(javax.swing.JComponent)>;sun.reflect.misc.Trampoline.invoke;57;isAccessible=false;
Method.invoke;<javax.swing.plaf.metal.MetalScrollPaneUI: javax.swing.plaf.ComponentUI createUI(javax.swing.JComponent)>;sun.reflect.misc.Trampoline.invoke;57;isAccessible=false;
Method.invoke;<javax.swing.plaf.metal.MetalSplitPaneUI: javax.swing.plaf.ComponentUI createUI(javax.swing.JComponent)>;sun.reflect.misc.Trampoline.invoke;57;isAccessible=false;
Method.invoke;<javax.swing.plaf.metal.MetalTabbedPaneUI: javax.swing.plaf.ComponentUI createUI(javax.swing.JComponent)>;sun.reflect.misc.Trampoline.invoke;57;isAccessible=false;
Method.invoke;<javax.swing.plaf.metal.MetalTextFieldUI: javax.swing.plaf.ComponentUI createUI(javax.swing.JComponent)>;sun.reflect.misc.Trampoline.invoke;57;isAccessible=false;
Method.invoke;<javax.swing.plaf.metal.MetalToolBarUI: javax.swing.plaf.ComponentUI createUI(javax.swing.JComponent)>;sun.reflect.misc.Trampoline.invoke;57;isAccessible=false;
Method.invoke;<javax.swing.plaf.metal.MetalToolTipUI: javax.swing.plaf.ComponentUI createUI(javax.swing.JComponent)>;sun.reflect.misc.Trampoline.invoke;57;isAccessible=false;
Method.invoke;<javax.swing.plaf.metal.MetalTreeUI: javax.swing.plaf.ComponentUI createUI(javax.swing.JComponent)>;sun.reflect.misc.Trampoline.invoke;57;isAccessible=false;
Method.invoke;<org.gjt.sp.jedit.BeanShell: void evalSelection(org.gjt.sp.jedit.View,org.gjt.sp.jedit.textarea.JEditTextArea)>;bsh.Reflect.invokeMethod;184;isAccessible=false;
Method.invoke;<org.gjt.sp.jedit.BeanShell: void showEvaluateDialog(org.gjt.sp.jedit.View)>;bsh.Reflect.invokeMethod;184;isAccessible=false;
Method.invoke;<org.gjt.sp.jedit.Buffer: boolean save(org.gjt.sp.jedit.View,java.lang.String,boolean)>;bsh.Reflect.invokeMethod;217;isAccessible=false;
Method.invoke;<org.gjt.sp.jedit.Buffer: void redo()>;bsh.Reflect.invokeMethod;184;isAccessible=false;
Method.invoke;<org.gjt.sp.jedit.Buffer: void showBufferOptionsDialog(org.gjt.sp.jedit.View)>;bsh.Reflect.invokeMethod;184;isAccessible=false;
Method.invoke;<org.gjt.sp.jedit.Buffer: void undo()>;bsh.Reflect.invokeMethod;184;isAccessible=false;
Method.invoke;<org.gjt.sp.jedit.EditPane: void nextBuffer()>;bsh.Reflect.invokeMethod;184;isAccessible=false;
Method.invoke;<org.gjt.sp.jedit.EditPane: void prevBuffer()>;bsh.Reflect.invokeMethod;184;isAccessible=false;
Method.invoke;<org.gjt.sp.jedit.Macros: void browseSystemMacros(org.gjt.sp.jedit.View)>;bsh.Reflect.invokeMethod;184;isAccessible=false;
Method.invoke;<org.gjt.sp.jedit.Macros: void error(org.gjt.sp.jedit.View,java.lang.String)>;bsh.Reflect.invokeMethod;184;isAccessible=false;
Method.invoke;<org.gjt.sp.jedit.Macros: void recordMacro(org.gjt.sp.jedit.View)>;bsh.Reflect.invokeMethod;184;isAccessible=false;
Method.invoke;<org.gjt.sp.jedit.Macros: void runLastMacro(org.gjt.sp.jedit.View)>;bsh.Reflect.invokeMethod;184;isAccessible=false;
Method.invoke;<org.gjt.sp.jedit.Macros: void stopRecording(org.gjt.sp.jedit.View)>;bsh.Reflect.invokeMethod;184;isAccessible=false;
Method.invoke;<org.gjt.sp.jedit.View: org.gjt.sp.jedit.gui.DockableWindowManager getDockableWindowManager()>;bsh.Reflect.invokeMethod;184;isAccessible=false;
Method.invoke;<org.gjt.sp.jedit.View: void splitHorizontally()>;bsh.Reflect.invokeMethod;184;isAccessible=false;
Method.invoke;<org.gjt.sp.jedit.View: void splitVertically()>;bsh.Reflect.invokeMethod;184;isAccessible=false;
Method.invoke;<org.gjt.sp.jedit.gui.DockableWindowManager: boolean isDockableWindowVisible(java.lang.String)>;bsh.Reflect.invokeMethod;184;isAccessible=false;
Method.invoke;<org.gjt.sp.jedit.gui.DockableWindowManager: void toggleDockableWindow(java.lang.String)>;bsh.Reflect.invokeMethod;184;isAccessible=false;
Method.invoke;<org.gjt.sp.jedit.gui.HelpViewer: void gotoFile(java.lang.String)>;bsh.Reflect.invokeMethod;184;isAccessible=false;
Method.invoke;<org.gjt.sp.jedit.jEdit: org.gjt.sp.jedit.EditPlugin getPlugin(java.lang.String)>;bsh.Reflect.invokeMethod;184;isAccessible=false;
Method.invoke;<org.gjt.sp.jedit.jEdit: org.gjt.sp.jedit.View newView(org.gjt.sp.jedit.View,org.gjt.sp.jedit.Buffer)>;bsh.Reflect.invokeMethod;184;isAccessible=false;
Method.invoke;<org.gjt.sp.jedit.jEdit: void showActivityLog()>;bsh.Reflect.invokeMethod;184;isAccessible=false;
Method.invoke;<org.gjt.sp.jedit.jEdit: void showGlobalOptionsDialog(org.gjt.sp.jedit.View)>;bsh.Reflect.invokeMethod;184;isAccessible=false;
Method.invoke;<org.gjt.sp.jedit.jEdit: void showIOProgressMonitorDialog()>;bsh.Reflect.invokeMethod;184;isAccessible=false;
Method.invoke;<org.gjt.sp.jedit.search.SearchAndReplace: void showSearchDialog(org.gjt.sp.jedit.View,java.lang.String)>;bsh.Reflect.invokeMethod;217;isAccessible=false;
Method.invoke;<org.gjt.sp.jedit.textarea.Gutter: boolean isCollapsed()>;bsh.Reflect.invokeMethod;184;isAccessible=false;
Method.invoke;<org.gjt.sp.jedit.textarea.Gutter: boolean isLineNumberingEnabled()>;bsh.Reflect.invokeMethod;184;isAccessible=false;
Method.invoke;<org.gjt.sp.jedit.textarea.JEditTextArea: org.gjt.sp.jedit.textarea.Gutter getGutter()>;bsh.Reflect.invokeMethod;184;isAccessible=false;
Method.invoke;<org.gjt.sp.jedit.textarea.JEditTextArea: void backspace()>;bsh.Reflect.invokeMethod;184;isAccessible=false;
Method.invoke;<org.gjt.sp.jedit.textarea.JEditTextArea: void backspaceWord()>;bsh.Reflect.invokeMethod;184;isAccessible=false;
Method.invoke;<org.gjt.sp.jedit.textarea.JEditTextArea: void goToPrevCharacter(boolean)>;bsh.Reflect.invokeMethod;184;isAccessible=false;
Method.invoke;<org.gjt.sp.jedit.textarea.JEditTextArea: void goToPrevLine(boolean)>;bsh.Reflect.invokeMethod;184;isAccessible=false;
Method.invoke;<org.gjt.sp.jedit.textarea.JEditTextArea: void smartEnd(boolean)>;bsh.Reflect.invokeMethod;184;isAccessible=false;
Method.invoke;<org.gjt.sp.jedit.textarea.JEditTextArea: void userInput(char)>;bsh.Reflect.invokeMethod;184;isAccessible=false;
Method.invoke;<sun.awt.X11.XDataTransferer: sun.awt.X11.XDataTransferer getInstanceImpl()>;sun.awt.datatransfer.DataTransferer$1.run;302;isAccessible=true;
Method.invoke;<sun.awt.X11GraphicsEnvironment: boolean isDisplayLocal()>;sun.swing.SwingUtilities2.isLocalDisplay;1400;isAccessible=false;
Method.invoke;<sun.font.EAttribute: sun.font.EAttribute[] values()>;java.lang.Class.getEnumConstantsShared;;isAccessible=true;
Method.invoke;<sun.reflect.misc.Trampoline: java.lang.Object invoke(java.lang.reflect.Method,java.lang.Object,java.lang.Object[])>;sun.reflect.misc.MethodUtil.invoke;260;isAccessible=true;
